<?xml version="1.0" encoding="UTF-8"?>
<coverage generated="1559324615286" clover="3.2.0">
  <project timestamp="1559324615286" name="All files">
    <metrics statements="37" coveredstatements="37" conditionals="0" coveredconditionals="0" methods="8" coveredmethods="8" elements="45" coveredelements="45" complexity="0" loc="37" ncloc="37" packages="4" files="5" classes="5">
      <package name="Sprint-Challenge--Testing">
        <metrics statements="1" coveredstatements="1" conditionals="0" coveredconditionals="0" methods="0" coveredmethods="0"/>
        <file name="knexfile.js" path="/Users/voidchaser/Lambda/Sprint-Challenge--Testing/knexfile.js">
          <metrics statements="1" coveredstatements="1" conditionals="0" coveredconditionals="0" methods="0" coveredmethods="0"/>
          <line num="3" count="2" type="stmt"/>
        </file>
      </package>
      <package name="Sprint-Challenge--Testing.api">
        <metrics statements="10" coveredstatements="10" conditionals="0" coveredconditionals="0" methods="1" coveredmethods="1"/>
        <file name="server.js" path="/Users/voidchaser/Lambda/Sprint-Challenge--Testing/api/server.js">
          <metrics statements="10" coveredstatements="10" conditionals="0" coveredconditionals="0" methods="1" coveredmethods="1"/>
          <line num="3" count="2" type="stmt"/>
          <line num="4" count="2" type="stmt"/>
          <line num="5" count="2" type="stmt"/>
          <line num="6" count="2" type="stmt"/>
          <line num="9" count="2" type="stmt"/>
          <line num="10" count="2" type="stmt"/>
          <line num="13" count="2" type="stmt"/>
          <line num="16" count="2" type="stmt"/>
          <line num="17" count="3" type="stmt"/>
          <line num="21" count="2" type="stmt"/>
        </file>
      </package>
      <package name="Sprint-Challenge--Testing.data">
        <metrics statements="4" coveredstatements="4" conditionals="0" coveredconditionals="0" methods="0" coveredmethods="0"/>
        <file name="dbConfig.js" path="/Users/voidchaser/Lambda/Sprint-Challenge--Testing/data/dbConfig.js">
          <metrics statements="4" coveredstatements="4" conditionals="0" coveredconditionals="0" methods="0" coveredmethods="0"/>
          <line num="3" count="2" type="stmt"/>
          <line num="4" count="2" type="stmt"/>
          <line num="8" count="2" type="stmt"/>
          <line num="11" count="2" type="stmt"/>
        </file>
      </package>
      <package name="Sprint-Challenge--Testing.games">
        <metrics statements="22" coveredstatements="22" conditionals="0" coveredconditionals="0" methods="7" coveredmethods="7"/>
        <file name="games-model.js" path="/Users/voidchaser/Lambda/Sprint-Challenge--Testing/games/games-model.js">
          <metrics statements="6" coveredstatements="6" conditionals="0" coveredconditionals="0" methods="3" coveredmethods="3"/>
          <line num="3" count="2" type="stmt"/>
          <line num="6" count="2" type="stmt"/>
          <line num="14" count="2" type="stmt"/>
          <line num="16" count="1" type="stmt"/>
          <line num="23" count="1" type="stmt"/>
          <line num="30" count="1" type="stmt"/>
        </file>
        <file name="games-router.js" path="/Users/voidchaser/Lambda/Sprint-Challenge--Testing/games/games-router.js">
          <metrics statements="16" coveredstatements="16" conditionals="0" coveredconditionals="0" methods="4" coveredmethods="4"/>
          <line num="3" count="2" type="stmt"/>
          <line num="4" count="2" type="stmt"/>
          <line num="5" count="2" type="stmt"/>
          <line num="9" count="2" type="stmt"/>
          <line num="10" count="1" type="stmt"/>
          <line num="11" count="1" type="stmt"/>
          <line num="15" count="2" type="stmt"/>
          <line num="16" count="1" type="stmt"/>
          <line num="17" count="1" type="stmt"/>
          <line num="21" count="2" type="stmt"/>
          <line num="22" count="1" type="stmt"/>
          <line num="23" count="1" type="stmt"/>
          <line num="24" count="1" type="stmt"/>
          <line num="27" count="1" type="stmt"/>
          <line num="28" count="1" type="stmt"/>
          <line num="32" count="2" type="stmt"/>
        </file>
      </package>
    </metrics>
  </project>
</coverage>
