TN:
SF:/Users/voidchaser/Lambda/Sprint-Challenge--Testing/knexfile.js
FNF:0
FNH:0
DA:3,2
LF:1
LH:1
BRF:0
BRH:0
end_of_record
TN:
SF:/Users/voidchaser/Lambda/Sprint-Challenge--Testing/api/server.js
FN:16,(anonymous_0)
FNF:1
FNH:1
FNDA:3,(anonymous_0)
DA:3,2
DA:4,2
DA:5,2
DA:6,2
DA:9,2
DA:10,2
DA:13,2
DA:16,2
DA:17,3
DA:21,2
LF:10
LH:10
BRF:0
BRH:0
end_of_record
TN:
SF:/Users/voidchaser/Lambda/Sprint-Challenge--Testing/data/dbConfig.js
FNF:0
FNH:0
DA:3,2
DA:4,2
DA:8,2
DA:11,2
LF:4
LH:4
BRF:0
BRH:0
end_of_record
TN:
SF:/Users/voidchaser/Lambda/Sprint-Challenge--Testing/games/games-model.js
FN:13,add
FN:22,remove
FN:29,getAll
FNF:3
FNH:3
FNDA:2,add
FNDA:1,remove
FNDA:1,getAll
DA:3,2
DA:6,2
DA:14,2
DA:16,1
DA:23,1
DA:30,1
LF:6
LH:6
BRF:0
BRH:0
end_of_record
TN:
SF:/Users/voidchaser/Lambda/Sprint-Challenge--Testing/games/games-router.js
FN:9,(anonymous_0)
FN:15,(anonymous_1)
FN:21,(anonymous_2)
FN:23,(anonymous_3)
FNF:4
FNH:4
FNDA:1,(anonymous_0)
FNDA:1,(anonymous_1)
FNDA:1,(anonymous_2)
FNDA:1,(anonymous_3)
DA:3,2
DA:4,2
DA:5,2
DA:9,2
DA:10,1
DA:11,1
DA:15,2
DA:16,1
DA:17,1
DA:21,2
DA:22,1
DA:23,1
DA:24,1
DA:27,1
DA:28,1
DA:32,2
LF:16
LH:16
BRF:0
BRH:0
end_of_record
